[20:51:24] [main/INFO] (FabricLoader/GameProvider) Loading Minecraft 1.21.1 with Fabric Loader 0.16.7
[20:51:24] [main/INFO] (FabricLoader) Loading 43 mods:
	- fabric-api 0.106.0+1.21.1
	- fabric-api-base 0.4.42+6573ed8c19
	- fabric-api-lookup-api-v1 1.6.68+b559734419
	- fabric-biome-api-v1 13.0.29+5bd9f1bc19
	- fabric-block-api-v1 1.0.22+0af3f5a719
	- fabric-block-view-api-v2 1.0.10+6573ed8c19
	- fabric-command-api-v1 1.2.49+f71b366f19
	- fabric-command-api-v2 2.2.28+6ced4dd919
	- fabric-commands-v0 0.2.66+df3654b319
	- fabric-content-registries-v0 8.0.16+b559734419
	- fabric-convention-tags-v1 2.1.0+7f945d5b19
	- fabric-convention-tags-v2 2.9.0+83a9d31319
	- fabric-crash-report-info-v1 0.2.29+0af3f5a719
	- fabric-data-attachment-api-v1 1.1.28+1daea21519
	- fabric-data-generation-api-v1 20.2.21+16c4ae2519
	- fabric-dimensions-v1 4.0.0+6fc22b9919
	- fabric-entity-events-v1 1.7.0+2122d82819
	- fabric-events-interaction-v0 0.7.13+ba9dae0619
	- fabric-game-rule-api-v1 1.0.53+6ced4dd919
	- fabric-gametest-api-v1 2.0.4+6fc22b9919
	- fabric-item-api-v1 11.1.0+d5debaed19
	- fabric-item-group-api-v1 4.1.5+3fc0e55219
	- fabric-lifecycle-events-v1 2.3.12+6c1df36019
	- fabric-loot-api-v2 3.0.14+3f89f5a519
	- fabric-loot-api-v3 1.0.2+3f89f5a519
	- fabric-message-api-v1 6.0.13+6573ed8c19
	- fabric-networking-api-v1 4.3.0+c7469b2119
	- fabric-object-builder-api-v1 15.2.0+40875a9319
	- fabric-particles-v1 4.0.2+6573ed8c19
	- fabric-recipe-api-v1 5.0.13+6508971219
	- fabric-registry-sync-v0 5.1.3+60c3209b19
	- fabric-rendering-data-attachment-v1 0.3.48+73761d2e19
	- fabric-rendering-fluids-v1 3.1.6+1daea21519
	- fabric-resource-conditions-api-v1 4.3.0+8dc279b119
	- fabric-resource-loader-v0 1.3.0+5659912919
	- fabric-screen-handler-api-v1 1.3.87+b559734419
	- fabric-transfer-api-v1 5.4.0+95bead5f19
	- fabric-transitive-access-wideners-v1 6.1.0+1daea21519
	- fabricloader 0.16.7
	- hidden-dangers 0.1-1.21.1
	- java 21
	- minecraft 1.21.1
	- mixinextras 0.4.1
[20:51:24] [main/INFO] (FabricLoader/Mixin) SpongePowered MIXIN Subsystem Version=0.8.7 Source=file:/C:/Users/linkb/.gradle/caches/modules-2/files-2.1/net.fabricmc/sponge-mixin/0.15.3+mixin.0.8.7/51ee0a44ab05f6fddd66b09e66b3a16904f9c55d/sponge-mixin-0.15.3+mixin.0.8.7.jar Service=Knot/Fabric Env=SERVER
[20:51:25] [main/INFO] (FabricLoader/Mixin) Loaded Fabric development mappings for mixin remapper!
[20:51:25] [main/INFO] (FabricLoader/Mixin) Compatibility level set to JAVA_17
[20:51:25] [main/INFO] (FabricLoader/Mixin) Compatibility level set to JAVA_21
[20:51:25] [main/INFO] (FabricLoader/MixinExtras|Service) Initializing MixinExtras via com.llamalad7.mixinextras.service.MixinExtrasServiceImpl(version=0.4.1).
[20:51:32] [main/INFO] (hidden-dangers) Registering Creative Tabs for hidden-dangers
[20:51:32] [main/INFO] (hidden-dangers) Registering Mod Items For hidden-dangers
[20:51:32] [main/INFO] (hidden-dangers) Registering Mod Blocks For hidden-dangers
[20:51:32] [main/INFO] (hidden-dangers) Registering Mod Fuel Items For hidden-dangers
[20:51:32] [main/INFO] (hidden-dangers) The Worst Of Dangers Are Hidden In Plain Sight
[20:51:32] [main/INFO] (FabricDataGenHelper) Running data generator for hidden-dangers
[20:51:33] [main/INFO] (Minecraft) Starting provider: Hidden Dangers/Tags for minecraft:block
[20:51:33] [main/INFO] (Minecraft) Hidden Dangers/Tags for minecraft:block finished after 24 ms
[20:51:33] [main/INFO] (Minecraft) Starting provider: Hidden Dangers/Tags for minecraft:item
[20:51:33] [main/INFO] (Minecraft) Hidden Dangers/Tags for minecraft:item finished after 0 ms
[20:51:33] [main/INFO] (Minecraft) Starting provider: Hidden Dangers/Block Loot Tables
[20:51:33] [main/INFO] (Minecraft) Hidden Dangers/Block Loot Tables finished after 9 ms
[20:51:33] [main/INFO] (Minecraft) Starting provider: Hidden Dangers/Model Definitions
[20:51:33] [main/INFO] (Minecraft) Hidden Dangers/Model Definitions finished after 36 ms
[20:51:33] [main/INFO] (Minecraft) Starting provider: Hidden Dangers/Recipes
[20:51:33] [main/INFO] (Minecraft) Hidden Dangers/Recipes finished after 35 ms
[20:51:33] [main/INFO] (Minecraft) All providers took: 108 ms
[20:51:33] [main/INFO] (Minecraft) Caching: total files: 31, old count: 27, new count: 32, removed stale: 0, written: 4
